<?xml version="1.0" encoding="UTF-8"?>
<!-- Generated by org.testng.reporters.JUnitXMLReporter -->
<testsuite ignored="0" hostname="LAPTOP-D9B72J2S" failures="0" tests="6" name="Free CRM App Test Cases" time="162.779" errors="0" timestamp="2022-06-29T15:58:23 IST">
  <testcase classname="com.crm.qa.testcases.LoginPageTest" name="VerifyLoginPageTitleTest" time="0.213"/>
  <testcase classname="com.crm.qa.testcases.LoginPageTest" name="VerifyLoginTest" time="0.431"/>
  <testcase classname="com.crm.qa.testcases.HomePageTest" name="VerifyusernameTest" time="2.207"/>
  <testcase classname="com.crm.qa.testcases.HomePageTest" name="VerifycrmlogoTest" time="2.225"/>
  <testcase classname="com.crm.qa.testcases.HomePageTest" name="Verify_Contacts_linkTest" time="3.221"/>
  <testcase classname="com.crm.qa.testcases.ContactspageTest" name="Verify_user_is_able_to_create_contact" time="16.271"/>
</testsuite> <!-- Free CRM App Test Cases -->
