<?xml version="1.0" encoding="UTF-8"?>
<!-- Generated by org.testng.reporters.JUnitXMLReporter -->
<testsuite ignored="1" hostname="LAPTOP-D9B72J2S" failures="0" tests="1" name="Free CRM App Test Cases1" time="23.746" errors="0" timestamp="2022-09-03T19:10:50 IST">
  <testcase classname="com.crm.qa.testcases.LoginPageTest" name="VerifyLoginPageTitleTest" time="0.046"/>
  <testcase classname="com.crm.qa.testcases.LoginPageTest" name="VerifyLoginTest" time="0.0">
    <ignored/>
  </testcase> <!-- VerifyLoginTest -->
</testsuite> <!-- Free CRM App Test Cases1 -->
