<?xml version="1.0" encoding="UTF-8"?>
<!-- Generated by org.testng.reporters.JUnitXMLReporter -->
<testsuite ignored="1" hostname="LAPTOP-D9B72J2S" failures="0" tests="4" name="test" time="52.298" errors="0" timestamp="2022-09-27T20:40:41 IST">
  <testcase classname="com.crm.qa.testcases.LoginPageTest" name="VerifyLoginPageTitleTest" time="0.102"/>
  <testcase classname="com.crm.qa.testcases.LoginPageTest" name="VerifyLoginTest" time="12.213"/>
  <testcase classname="com.crm.qa.testcases.HomePageTest" name="VerifyusernameTest" time="5.372"/>
  <testcase classname="com.crm.qa.testcases.HomePageTest" name="VerifycrmlogoTest" time="4.845"/>
  <testcase classname="com.crm.qa.testcases.HomePageTest" name="Verify_Contacts_linkTest" time="0.0">
    <ignored/>
  </testcase> <!-- Verify_Contacts_linkTest -->
</testsuite> <!-- test -->
