<?xml version="1.0" encoding="UTF-8"?>
<testsuite xmlns:xsi="http://www.w3.org/2001/XMLSchema-instance" xsi:noNamespaceSchemaLocation="https://maven.apache.org/surefire/maven-surefire-plugin/xsd/surefire-test-report.xsd" name="TestSuite" time="143.545" tests="6" errors="0" skipped="0" failures="0">
  <properties>
[...]
</properties>
  <testcase name="VerifyLoginPageTitleTest" classname="com.crm.qa.testcases.LoginPageTest" time="0.032"/>
  <testcase name="VerifyLoginTest" classname="com.crm.qa.testcases.LoginPageTest" time="0.287"/>
  <testcase name="VerifyusernameTest" classname="com.crm.qa.testcases.HomePageTest" time="2.073"/>
  <testcase name="VerifycrmlogoTest" classname="com.crm.qa.testcases.HomePageTest" time="1.333"/>
  <testcase name="Verify_Contacts_linkTest" classname="com.crm.qa.testcases.HomePageTest" time="1.639"/>
  <testcase name="Verify_user_is_able_to_create_contact" classname="com.crm.qa.testcases.ContactspageTest" time="14.303"/>
</testsuite>