<?xml version="1.0" encoding="UTF-8"?>
<testng-results ignored="0" total="6" passed="6" failed="0" skipped="0">
  <reporter-output>
  </reporter-output>
  <suite started-at="2022-07-10T13:03:01 IST" name="Free CRM Application Test Automation Test suite" finished-at="2022-07-10T13:05:23 IST" duration-ms="141908">
    <groups>
    </groups>
    <test started-at="2022-07-10T13:03:01 IST" name="Free CRM App Test Cases" finished-at="2022-07-10T13:05:23 IST" duration-ms="141908">
      <class name="com.crm.qa.testcases.HomePageTest">
        <test-method is-config="true" signature="setUp()[pri:0, instance:com.crm.qa.testcases.HomePageTest@5d8445d7]" started-at="2022-07-10T13:03:44 IST" name="setUp" finished-at="2022-07-10T13:04:02 IST" duration-ms="18329" status="PASS">
          <reporter-output>
          </reporter-output>
        </test-method> <!-- setUp -->
        <test-method signature="VerifyusernameTest()[pri:1, instance:com.crm.qa.testcases.HomePageTest@5d8445d7]" started-at="2022-07-10T13:04:02 IST" name="VerifyusernameTest" finished-at="2022-07-10T13:04:04 IST" duration-ms="2072" status="PASS">
          <reporter-output>
          </reporter-output>
        </test-method> <!-- VerifyusernameTest -->
        <test-method is-config="true" signature="teardown()[pri:0, instance:com.crm.qa.testcases.HomePageTest@5d8445d7]" started-at="2022-07-10T13:04:04 IST" name="teardown" finished-at="2022-07-10T13:04:05 IST" duration-ms="642" status="PASS">
          <reporter-output>
          </reporter-output>
        </test-method> <!-- teardown -->
        <test-method is-config="true" signature="setUp()[pri:0, instance:com.crm.qa.testcases.HomePageTest@5d8445d7]" started-at="2022-07-10T13:04:05 IST" name="setUp" finished-at="2022-07-10T13:04:23 IST" duration-ms="17981" status="PASS">
          <reporter-output>
          </reporter-output>
        </test-method> <!-- setUp -->
        <test-method signature="VerifycrmlogoTest()[pri:2, instance:com.crm.qa.testcases.HomePageTest@5d8445d7]" started-at="2022-07-10T13:04:23 IST" name="VerifycrmlogoTest" finished-at="2022-07-10T13:04:24 IST" duration-ms="1333" status="PASS">
          <reporter-output>
          </reporter-output>
        </test-method> <!-- VerifycrmlogoTest -->
        <test-method is-config="true" signature="teardown()[pri:0, instance:com.crm.qa.testcases.HomePageTest@5d8445d7]" started-at="2022-07-10T13:04:24 IST" name="teardown" finished-at="2022-07-10T13:04:25 IST" duration-ms="615" status="PASS">
          <reporter-output>
          </reporter-output>
        </test-method> <!-- teardown -->
        <test-method is-config="true" signature="setUp()[pri:0, instance:com.crm.qa.testcases.HomePageTest@5d8445d7]" started-at="2022-07-10T13:04:25 IST" name="setUp" finished-at="2022-07-10T13:04:43 IST" duration-ms="17885" status="PASS">
          <reporter-output>
          </reporter-output>
        </test-method> <!-- setUp -->
        <test-method signature="Verify_Contacts_linkTest()[pri:3, instance:com.crm.qa.testcases.HomePageTest@5d8445d7]" started-at="2022-07-10T13:04:43 IST" name="Verify_Contacts_linkTest" finished-at="2022-07-10T13:04:44 IST" duration-ms="1638" status="PASS">
          <reporter-output>
          </reporter-output>
        </test-method> <!-- Verify_Contacts_linkTest -->
        <test-method is-config="true" signature="teardown()[pri:0, instance:com.crm.qa.testcases.HomePageTest@5d8445d7]" started-at="2022-07-10T13:04:44 IST" name="teardown" finished-at="2022-07-10T13:04:45 IST" duration-ms="637" status="PASS">
          <reporter-output>
          </reporter-output>
        </test-method> <!-- teardown -->
      </class> <!-- com.crm.qa.testcases.HomePageTest -->
      <class name="com.crm.qa.testcases.LoginPageTest">
        <test-method is-config="true" signature="setup()[pri:0, instance:com.crm.qa.testcases.LoginPageTest@62da83ed]" started-at="2022-07-10T13:03:01 IST" name="setup" finished-at="2022-07-10T13:03:24 IST" duration-ms="22307" status="PASS">
          <reporter-output>
          </reporter-output>
        </test-method> <!-- setup -->
        <test-method signature="VerifyLoginPageTitleTest()[pri:1, instance:com.crm.qa.testcases.LoginPageTest@62da83ed]" started-at="2022-07-10T13:03:24 IST" name="VerifyLoginPageTitleTest" finished-at="2022-07-10T13:03:24 IST" duration-ms="31" status="PASS">
          <reporter-output>
          </reporter-output>
        </test-method> <!-- VerifyLoginPageTitleTest -->
        <test-method is-config="true" signature="teardown()[pri:0, instance:com.crm.qa.testcases.LoginPageTest@62da83ed]" started-at="2022-07-10T13:03:24 IST" name="teardown" finished-at="2022-07-10T13:03:24 IST" duration-ms="615" status="PASS">
          <reporter-output>
          </reporter-output>
        </test-method> <!-- teardown -->
        <test-method is-config="true" signature="setup()[pri:0, instance:com.crm.qa.testcases.LoginPageTest@62da83ed]" started-at="2022-07-10T13:03:24 IST" name="setup" finished-at="2022-07-10T13:03:43 IST" duration-ms="18420" status="PASS">
          <reporter-output>
          </reporter-output>
        </test-method> <!-- setup -->
        <test-method signature="VerifyLoginTest()[pri:2, instance:com.crm.qa.testcases.LoginPageTest@62da83ed]" started-at="2022-07-10T13:03:43 IST" name="VerifyLoginTest" finished-at="2022-07-10T13:03:43 IST" duration-ms="288" status="PASS">
          <reporter-output>
          </reporter-output>
        </test-method> <!-- VerifyLoginTest -->
        <test-method is-config="true" signature="teardown()[pri:0, instance:com.crm.qa.testcases.LoginPageTest@62da83ed]" started-at="2022-07-10T13:03:43 IST" name="teardown" finished-at="2022-07-10T13:03:44 IST" duration-ms="635" status="PASS">
          <reporter-output>
          </reporter-output>
        </test-method> <!-- teardown -->
      </class> <!-- com.crm.qa.testcases.LoginPageTest -->
      <class name="com.crm.qa.testcases.ContactspageTest">
        <test-method is-config="true" signature="setUp()[pri:0, instance:com.crm.qa.testcases.ContactspageTest@37d80fe7]" started-at="2022-07-10T13:04:46 IST" name="setUp" finished-at="2022-07-10T13:05:08 IST" duration-ms="22747" status="PASS">
          <reporter-output>
          </reporter-output>
        </test-method> <!-- setUp -->
        <test-method signature="Verify_user_is_able_to_create_contact(java.lang.String, java.lang.String, java.lang.String, java.lang.String)[pri:1, instance:com.crm.qa.testcases.ContactspageTest@37d80fe7]" started-at="2022-07-10T13:05:08 IST" name="Verify_user_is_able_to_create_contact" data-provider="getCRMTestData" finished-at="2022-07-10T13:05:23 IST" duration-ms="14303" status="PASS">
          <params>
            <param index="0">
              <value>
                <![CDATA[Abhishek]]>
              </value>
            </param>
            <param index="1">
              <value>
                <![CDATA[Kumar]]>
              </value>
            </param>
            <param index="2">
              <value>
                <![CDATA[Adidas]]>
              </value>
            </param>
            <param index="3">
              <value>
                <![CDATA[Customer]]>
              </value>
            </param>
          </params>
          <reporter-output>
          </reporter-output>
        </test-method> <!-- Verify_user_is_able_to_create_contact -->
        <test-method is-config="true" signature="teardown()[pri:0, instance:com.crm.qa.testcases.ContactspageTest@37d80fe7]" started-at="2022-07-10T13:05:23 IST" name="teardown" finished-at="2022-07-10T13:05:23 IST" duration-ms="617" status="PASS">
          <reporter-output>
          </reporter-output>
        </test-method> <!-- teardown -->
      </class> <!-- com.crm.qa.testcases.ContactspageTest -->
    </test> <!-- Free CRM App Test Cases -->
  </suite> <!-- Free CRM Application Test Automation Test suite -->
</testng-results>
