<?xml version="1.0" encoding="UTF-8"?>
<testng-results ignored="1" total="5" passed="3" failed="1" skipped="0">
  <reporter-output>
  </reporter-output>
  <suite started-at="2022-09-27T12:29:29 IST" name="Suite" finished-at="2022-09-27T12:30:03 IST" duration-ms="33782">
    <groups>
    </groups>
    <test started-at="2022-09-27T12:29:29 IST" name="test" finished-at="2022-09-27T12:30:03 IST" duration-ms="33782">
      <class name="com.crm.qa.testcases.HomePageTest">
        <test-method is-config="true" signature="setUp()[pri:0, instance:com.crm.qa.testcases.HomePageTest@32c0915e]" started-at="2022-09-27T12:29:29 IST" name="setUp" finished-at="2022-09-27T12:29:50 IST" duration-ms="20193" status="PASS">
          <reporter-output>
          </reporter-output>
        </test-method> <!-- setUp -->
        <test-method is-config="true" signature="setUp()[pri:0, instance:com.crm.qa.testcases.HomePageTest@32c0915e]" started-at="2022-09-27T12:29:29 IST" name="setUp" finished-at="2022-09-27T12:30:00 IST" duration-ms="30966" status="PASS">
          <reporter-output>
          </reporter-output>
        </test-method> <!-- setUp -->
        <test-method signature="VerifyusernameTest()[pri:1, instance:com.crm.qa.testcases.HomePageTest@32c0915e]" started-at="2022-09-27T12:29:50 IST" name="VerifyusernameTest" finished-at="2022-09-27T12:29:54 IST" duration-ms="3937" status="PASS">
          <reporter-output>
          </reporter-output>
        </test-method> <!-- VerifyusernameTest -->
        <test-method is-config="true" signature="teardown()[pri:0, instance:com.crm.qa.testcases.HomePageTest@32c0915e]" started-at="2022-09-27T12:29:54 IST" name="teardown" finished-at="2022-09-27T12:29:59 IST" duration-ms="5687" status="PASS">
          <reporter-output>
          </reporter-output>
        </test-method> <!-- teardown -->
        <test-method signature="VerifycrmlogoTest()[pri:2, instance:com.crm.qa.testcases.HomePageTest@32c0915e]" started-at="2022-09-27T12:30:00 IST" name="VerifycrmlogoTest" finished-at="2022-09-27T12:30:00 IST" duration-ms="1" status="FAIL">
          <exception class="java.lang.AssertionError">
            <message>
              <![CDATA[expected [true] but found [false]]]>
            </message>
            <full-stacktrace>
              <![CDATA[java.lang.AssertionError: expected [true] but found [false]
at org.testng.Assert.fail(Assert.java:97)
at org.testng.Assert.failNotEquals(Assert.java:969)
at org.testng.Assert.assertTrue(Assert.java:43)
at org.testng.Assert.assertTrue(Assert.java:53)
at com.crm.qa.testcases.HomePageTest.VerifycrmlogoTest(HomePageTest.java:56)
at java.base/jdk.internal.reflect.NativeMethodAccessorImpl.invoke0(Native Method)
at java.base/jdk.internal.reflect.NativeMethodAccessorImpl.invoke(NativeMethodAccessorImpl.java:62)
at java.base/jdk.internal.reflect.DelegatingMethodAccessorImpl.invoke(DelegatingMethodAccessorImpl.java:43)
at java.base/java.lang.reflect.Method.invoke(Method.java:566)
at org.testng.internal.MethodInvocationHelper.invokeMethod(MethodInvocationHelper.java:134)
at org.testng.internal.TestInvoker.invokeMethod(TestInvoker.java:597)
at org.testng.internal.TestInvoker.invokeTestMethod(TestInvoker.java:173)
at org.testng.internal.MethodRunner.runInSequence(MethodRunner.java:46)
at org.testng.internal.TestInvoker$MethodInvocationAgent.invoke(TestInvoker.java:816)
at org.testng.internal.TestInvoker.invokeTestMethods(TestInvoker.java:146)
at org.testng.internal.TestMethodWorker.invokeTestMethods(TestMethodWorker.java:146)
at org.testng.internal.TestMethodWorker.run(TestMethodWorker.java:128)
at java.base/java.util.concurrent.ThreadPoolExecutor.runWorker(ThreadPoolExecutor.java:1128)
at java.base/java.util.concurrent.ThreadPoolExecutor$Worker.run(ThreadPoolExecutor.java:628)
at java.base/java.lang.Thread.run(Thread.java:834)
]]>
            </full-stacktrace>
          </exception> <!-- java.lang.AssertionError -->
          <reporter-output>
          </reporter-output>
        </test-method> <!-- VerifycrmlogoTest -->
        <test-method is-config="true" signature="teardown()[pri:0, instance:com.crm.qa.testcases.HomePageTest@32c0915e]" started-at="2022-09-27T12:30:01 IST" name="teardown" finished-at="2022-09-27T12:30:03 IST" duration-ms="2594" status="PASS">
          <reporter-output>
          </reporter-output>
        </test-method> <!-- teardown -->
      </class> <!-- com.crm.qa.testcases.HomePageTest -->
      <class name="com.crm.qa.testcases.LoginPageTest">
        <test-method is-config="true" signature="setup()[pri:0, instance:com.crm.qa.testcases.LoginPageTest@33aa93c]" started-at="2022-09-27T12:29:29 IST" name="setup" finished-at="2022-09-27T12:29:55 IST" duration-ms="25023" status="PASS">
          <reporter-output>
          </reporter-output>
        </test-method> <!-- setup -->
        <test-method is-config="true" signature="setup()[pri:0, instance:com.crm.qa.testcases.LoginPageTest@33aa93c]" started-at="2022-09-27T12:29:29 IST" name="setup" finished-at="2022-09-27T12:29:49 IST" duration-ms="19211" status="PASS">
          <reporter-output>
          </reporter-output>
        </test-method> <!-- setup -->
        <test-method signature="VerifyLoginPageTitleTest()[pri:1, instance:com.crm.qa.testcases.LoginPageTest@33aa93c]" started-at="2022-09-27T12:29:49 IST" name="VerifyLoginPageTitleTest" finished-at="2022-09-27T12:29:52 IST" duration-ms="3590" status="PASS">
          <reporter-output>
          </reporter-output>
        </test-method> <!-- VerifyLoginPageTitleTest -->
        <test-method is-config="true" signature="teardown()[pri:0, instance:com.crm.qa.testcases.LoginPageTest@33aa93c]" started-at="2022-09-27T12:29:52 IST" name="teardown" finished-at="2022-09-27T12:29:54 IST" duration-ms="1533" status="PASS">
          <reporter-output>
          </reporter-output>
        </test-method> <!-- teardown -->
        <test-method signature="VerifyLoginTest()[pri:2, instance:com.crm.qa.testcases.LoginPageTest@33aa93c]" started-at="2022-09-27T12:29:55 IST" name="VerifyLoginTest" finished-at="2022-09-27T12:30:00 IST" duration-ms="5089" status="PASS">
          <reporter-output>
          </reporter-output>
        </test-method> <!-- VerifyLoginTest -->
        <test-method is-config="true" signature="teardown()[pri:0, instance:com.crm.qa.testcases.LoginPageTest@33aa93c]" started-at="2022-09-27T12:30:00 IST" name="teardown" finished-at="2022-09-27T12:30:00 IST" duration-ms="684" status="PASS">
          <reporter-output>
          </reporter-output>
        </test-method> <!-- teardown -->
      </class> <!-- com.crm.qa.testcases.LoginPageTest -->
    </test> <!-- test -->
  </suite> <!-- Suite -->
</testng-results>
