<?xml version="1.0" encoding="UTF-8"?>
<!-- Generated by org.testng.reporters.JUnitXMLReporter -->
<testsuite ignored="0" hostname="LAPTOP-D9B72J2S" failures="0" tests="6" name="Free CRM App Test Cases" time="141.908" errors="0" timestamp="2022-07-10T13:05:23 IST">
  <testcase classname="com.crm.qa.testcases.LoginPageTest" name="VerifyLoginPageTitleTest" time="0.031"/>
  <testcase classname="com.crm.qa.testcases.LoginPageTest" name="VerifyLoginTest" time="0.288"/>
  <testcase classname="com.crm.qa.testcases.HomePageTest" name="VerifyusernameTest" time="2.072"/>
  <testcase classname="com.crm.qa.testcases.HomePageTest" name="VerifycrmlogoTest" time="1.333"/>
  <testcase classname="com.crm.qa.testcases.HomePageTest" name="Verify_Contacts_linkTest" time="1.638"/>
  <testcase classname="com.crm.qa.testcases.ContactspageTest" name="Verify_user_is_able_to_create_contact" time="14.303"/>
</testsuite> <!-- Free CRM App Test Cases -->
